DEBUG main org.apache.fontbox.util.autodetect.FontFileFinder - checkFontfile check C:\Windows\FONTS\MyriadWebPro-Italic.ttf
DEBUG main org.apache.fontbox.util.autodetect.FontFileFinder - checkFontfile found C:\Windows\FONTS\MyriadWebPro-Italic.ttf
DEBUG main org.apache.fontbox.util.autodetect.FontFileFinder - checkFontfile check C:\Windows\FONTS\MyriadWebPro.ttf
DEBUG main org.apache.fontbox.util.autodetect.FontFileFinder - checkFontfile found C:\Windows\FONTS\MyriadWebPro.ttf
DEBUG main org.apache.fontbox.util.autodetect.FontFileFinder - checkFontfile check C:\Windows\FONTS\NewCenturySchoolbookShort.ttf
DEBUG main org.apache.fontbox.util.autodetect.FontFileFinder - checkFontfile found C:\Windows\FONTS\NewCenturySchoolbookShort.ttf
DEBUG main org.apache.fontbox.util.autodetect.FontFileFinder - checkFontfile check C:\Windows\FONTS\NewCenturySchoolbookShortItalic.ttf
DEBUG main org.apache.fontbox.util.autodetect.FontFileFinder - checkFontfile found C:\Windows\FONTS\NewCenturySchoolbookShortItalic.ttf
DEBUG main org.apache.fontbox.util.autodetect.FontFileFinder - checkFontfile check C:\Windows\FONTS\NIAGENG.TTF
DEBUG main org.apache.fontbox.util.autodetect.FontFileFinder - checkFontfile found C:\Windows\FONTS\NIAGENG.TTF
DEBUG main org.apache.fontbox.util.autodetect.FontFileFinder - checkFontfile check C:\Windows\FONTS\NIAGSOL.TTF
DEBUG main org.apache.fontbox.util.autodetect.FontFileFinder - checkFontfile found C:\Windows\FONTS\NIAGSOL.TTF
DEBUG main org.apache.fontbox.util.autodetect.FontFileFinder - checkFontfile check C:\Windows\FONTS\nina.ttf
DEBUG main org.apache.fontbox.util.autodetect.FontFileFinder - checkFontfile found C:\Windows\FONTS\nina.ttf
DEBUG main org.apache.fontbox.util.autodetect.FontFileFinder - checkFontfile check C:\Windows\FONTS\ninab.ttf
DEBUG main org.apache.fontbox.util.autodetect.FontFileFinder - checkFontfile found C:\Windows\FONTS\ninab.ttf
DEBUG main org.apache.fontbox.util.autodetect.FontFileFinder - checkFontfile check C:\Windows\FONTS\nrkis.ttf
DEBUG main org.apache.fontbox.util.autodetect.FontFileFinder - checkFontfile found C:\Windows\FONTS\nrkis.ttf
DEBUG main org.apache.fontbox.util.autodetect.FontFileFinder - checkFontfile check C:\Windows\FONTS\ntailu.ttf
DEBUG main org.apache.fontbox.util.autodetect.FontFileFinder - checkFontfile found C:\Windows\FONTS\ntailu.ttf
DEBUG main org.apache.fontbox.util.autodetect.FontFileFinder - checkFontfile check C:\Windows\FONTS\ntailub.ttf
DEBUG main org.apache.fontbox.util.autodetect.FontFileFinder - checkFontfile found C:\Windows\FONTS\ntailub.ttf
DEBUG main org.apache.fontbox.util.autodetect.FontFileFinder - checkFontfile check C:\Windows\FONTS\NuevaStd-Bold.otf
DEBUG main org.apache.fontbox.util.autodetect.FontFileFinder - checkFontfile found C:\Windows\FONTS\NuevaStd-Bold.otf
DEBUG main org.apache.fontbox.util.autodetect.FontFileFinder - checkFontfile check C:\Windows\FONTS\NuevaStd-BoldCond.otf
DEBUG main org.apache.fontbox.util.autodetect.FontFileFinder - checkFontfile found C:\Windows\FONTS\NuevaStd-BoldCond.otf
DEBUG main org.apache.fontbox.util.autodetect.FontFileFinder - checkFontfile check C:\Windows\FONTS\NuevaStd-BoldCondItalic.otf
DEBUG main org.apache.fontbox.util.autodetect.FontFileFinder - checkFontfile found C:\Windows\FONTS\NuevaStd-BoldCondItalic.otf
DEBUG main org.apache.fontbox.util.autodetect.FontFileFinder - checkFontfile check C:\Windows\FONTS\NuevaStd-Cond.otf
DEBUG main org.apache.fontbox.util.autodetect.FontFileFinder - checkFontfile found C:\Windows\FONTS\NuevaStd-Cond.otf
DEBUG main org.apache.fontbox.util.autodetect.FontFileFinder - checkFontfile check C:\Windows\FONTS\NuevaStd-CondItalic.otf
DEBUG main org.apache.fontbox.util.autodetect.FontFileFinder - checkFontfile found C:\Windows\FONTS\NuevaStd-CondItalic.otf
DEBUG main org.apache.fontbox.util.autodetect.FontFileFinder - checkFontfile check C:\Windows\FONTS\NuevaStd-Italic.otf
DEBUG main org.apache.fontbox.util.autodetect.FontFileFinder - checkFontfile found C:\Windows\FONTS\NuevaStd-Italic.otf
DEBUG main org.apache.fontbox.util.autodetect.FontFileFinder - checkFontfile check C:\Windows\FONTS\NWT55UNI.TTF
DEBUG main org.apache.fontbox.util.autodetect.FontFileFinder - checkFontfile found C:\Windows\FONTS\NWT55UNI.TTF
DEBUG main org.apache.fontbox.util.autodetect.FontFileFinder - checkFontfile check C:\Windows\FONTS\nyala.ttf
DEBUG main org.apache.fontbox.util.autodetect.FontFileFinder - checkFontfile found C:\Windows\FONTS\nyala.ttf
DEBUG main org.apache.fontbox.util.autodetect.FontFileFinder - checkFontfile check C:\Windows\FONTS\OCRAEXT.TTF
DEBUG main org.apache.fontbox.util.autodetect.FontFileFinder - checkFontfile found C:\Windows\FONTS\OCRAEXT.TTF
DEBUG main org.apache.fontbox.util.autodetect.FontFileFinder - checkFontfile check C:\Windows\FONTS\OCRAStd.otf
DEBUG main org.apache.fontbox.util.autodetect.FontFileFinder - checkFontfile found C:\Windows\FONTS\OCRAStd.otf
DEBUG main org.apache.fontbox.util.autodetect.FontFileFinder - checkFontfile check C:\Windows\FONTS\OLDENGL.TTF
DEBUG main org.apache.fontbox.util.autodetect.FontFileFinder - checkFontfile found C:\Windows\FONTS\OLDENGL.TTF
DEBUG main org.apache.fontbox.util.autodetect.FontFileFinder - checkFontfile check C:\Windows\FONTS\ONYX.TTF
DEBUG main org.apache.fontbox.util.autodetect.FontFileFinder - checkFontfile found C:\Windows\FONTS\ONYX.TTF
DEBUG main org.apache.fontbox.util.autodetect.FontFileFinder - checkFontfile check C:\Windows\FONTS\OratorStd-Slanted.otf
DEBUG main org.apache.fontbox.util.autodetect.FontFileFinder - checkFontfile found C:\Windows\FONTS\OratorStd-Slanted.otf
DEBUG main org.apache.fontbox.util.autodetect.FontFileFinder - checkFontfile check C:\Windows\FONTS\OratorStd.otf
DEBUG main org.apache.fontbox.util.autodetect.FontFileFinder - checkFontfile found C:\Windows\FONTS\OratorStd.otf
DEBUG main org.apache.fontbox.util.autodetect.FontFileFinder - checkFontfile check C:\Windows\FONTS\OUTLOOK.TTF
DEBUG main org.apache.fontbox.util.autodetect.FontFileFinder - checkFontfile found C:\Windows\FONTS\OUTLOOK.TTF
DEBUG main org.apache.fontbox.util.autodetect.FontFileFinder - checkFontfile check C:\Windows\FONTS\pala.ttf
DEBUG main org.apache.fontbox.util.autodetect.FontFileFinder - checkFontfile found C:\Windows\FONTS\pala.ttf
DEBUG main org.apache.fontbox.util.autodetect.FontFileFinder - checkFontfile check C:\Windows\FONTS\palab.ttf
DEBUG main org.apache.fontbox.util.autodetect.FontFileFinder - checkFontfile found C:\Windows\FONTS\palab.ttf
DEBUG main org.apache.fontbox.util.autodetect.FontFileFinder - checkFontfile check C:\Windows\FONTS\palabi.ttf
DEBUG main org.apache.fontbox.util.autodetect.FontFileFinder - checkFontfile found C:\Windows\FONTS\palabi.ttf
DEBUG main org.apache.fontbox.util.autodetect.FontFileFinder - checkFontfile check C:\Windows\FONTS\palai.ttf
DEBUG main org.apache.fontbox.util.autodetect.FontFileFinder - checkFontfile found C:\Windows\FONTS\palai.ttf
DEBUG main org.apache.fontbox.util.autodetect.FontFileFinder - checkFontfile check C:\Windows\FONTS\PALSCRI.TTF
DEBUG main org.apache.fontbox.util.autodetect.FontFileFinder - checkFontfile found C:\Windows\FONTS\PALSCRI.TTF
DEBUG main org.apache.fontbox.util.autodetect.FontFileFinder - checkFontfile check C:\Windows\FONTS\PAPYRUS.TTF
DEBUG main org.apache.fontbox.util.autodetect.FontFileFinder - checkFontfile found C:\Windows\FONTS\PAPYRUS.TTF
DEBUG main org.apache.fontbox.util.autodetect.FontFileFinder - checkFontfile check C:\Windows\FONTS\PARCHM.TTF
DEBUG main org.apache.fontbox.util.autodetect.FontFileFinder - checkFontfile found C:\Windows\FONTS\PARCHM.TTF
DEBUG main org.apache.fontbox.util.autodetect.FontFileFinder - checkFontfile check C:\Windows\FONTS\PERBI___.TTF
DEBUG main org.apache.fontbox.util.autodetect.FontFileFinder - checkFontfile found C:\Windows\FONTS\PERBI___.TTF
DEBUG main org.apache.fontbox.util.autodetect.FontFileFinder - checkFontfile check C:\Windows\FONTS\PERB____.TTF
DEBUG main org.apache.fontbox.util.autodetect.FontFileFinder - checkFontfile found C:\Windows\FONTS\PERB____.TTF
DEBUG main org.apache.fontbox.util.autodetect.FontFileFinder - checkFontfile check C:\Windows\FONTS\PERI____.TTF
DEBUG main org.apache.fontbox.util.autodetect.FontFileFinder - checkFontfile found C:\Windows\FONTS\PERI____.TTF
DEBUG main org.apache.fontbox.util.autodetect.FontFileFinder - checkFontfile check C:\Windows\FONTS\PERTIBD.TTF
DEBUG main org.apache.fontbox.util.autodetect.FontFileFinder - checkFontfile found C:\Windows\FONTS\PERTIBD.TTF
DEBUG main org.apache.fontbox.util.autodetect.FontFileFinder - checkFontfile check C:\Windows\FONTS\PERTILI.TTF
DEBUG main org.apache.fontbox.util.autodetect.FontFileFinder - checkFontfile found C:\Windows\FONTS\PERTILI.TTF
DEBUG main org.apache.fontbox.util.autodetect.FontFileFinder - checkFontfile check C:\Windows\FONTS\PER_____.TTF
DEBUG main org.apache.fontbox.util.autodetect.FontFileFinder - checkFontfile found C:\Windows\FONTS\PER_____.TTF
DEBUG main org.apache.fontbox.util.autodetect.FontFileFinder - checkFontfile check C:\Windows\FONTS\phagspa.ttf
DEBUG main org.apache.fontbox.util.autodetect.FontFileFinder - checkFontfile found C:\Windows\FONTS\phagspa.ttf
DEBUG main org.apache.fontbox.util.autodetect.FontFileFinder - checkFontfile check C:\Windows\FONTS\phagspab.ttf
DEBUG main org.apache.fontbox.util.autodetect.FontFileFinder - checkFontfile found C:\Windows\FONTS\phagspab.ttf
DEBUG main org.apache.fontbox.util.autodetect.FontFileFinder - checkFontfile check C:\Windows\FONTS\phontm__.ttf
DEBUG main org.apache.fontbox.util.autodetect.FontFileFinder - checkFontfile found C:\Windows\FONTS\phontm__.ttf
DEBUG main org.apache.fontbox.util.autodetect.FontFileFinder - checkFontfile check C:\Windows\FONTS\plantc.ttf
DEBUG main org.apache.fontbox.util.autodetect.FontFileFinder - checkFontfile found C:\Windows\FONTS\plantc.ttf
DEBUG main org.apache.fontbox.util.autodetect.FontFileFinder - checkFontfile check C:\Windows\FONTS\PLAYBILL.TTF
DEBUG main org.apache.fontbox.util.autodetect.FontFileFinder - checkFontfile found C:\Windows\FONTS\PLAYBILL.TTF
DEBUG main org.apache.fontbox.util.autodetect.FontFileFinder - checkFontfile check C:\Windows\FONTS\POORICH.TTF
DEBUG main org.apache.fontbox.util.autodetect.FontFileFinder - checkFontfile found C:\Windows\FONTS\POORICH.TTF
DEBUG main org.apache.fontbox.util.autodetect.FontFileFinder - checkFontfile check C:\Windows\FONTS\PoplarStd.otf
DEBUG main org.apache.fontbox.util.autodetect.FontFileFinder - checkFontfile found C:\Windows\FONTS\PoplarStd.otf
DEBUG main org.apache.fontbox.util.autodetect.FontFileFinder - checkFontfile check C:\Windows\FONTS\PrestigeEliteStd-Bd.otf
DEBUG main org.apache.fontbox.util.autodetect.FontFileFinder - checkFontfile found C:\Windows\FONTS\PrestigeEliteStd-Bd.otf
DEBUG main org.apache.fontbox.util.autodetect.FontFileFinder - checkFontfile check C:\Windows\FONTS\PRISTINA.TTF
DEBUG main org.apache.fontbox.util.autodetect.FontFileFinder - checkFontfile found C:\Windows\FONTS\PRISTINA.TTF
DEBUG main org.apache.fontbox.util.autodetect.FontFileFinder - checkFontfile check C:\Windows\FONTS\raavi.ttf
DEBUG main org.apache.fontbox.util.autodetect.FontFileFinder - checkFontfile found C:\Windows\FONTS\raavi.ttf
DEBUG main org.apache.fontbox.util.autodetect.FontFileFinder - checkFontfile check C:\Windows\FONTS\raavib.ttf
DEBUG main org.apache.fontbox.util.autodetect.FontFileFinder - checkFontfile found C:\Windows\FONTS\raavib.ttf
DEBUG main org.apache.fontbox.util.autodetect.FontFileFinder - checkFontfile check C:\Windows\FONTS\RAGE.TTF
DEBUG main org.apache.fontbox.util.autodetect.FontFileFinder - checkFontfile found C:\Windows\FONTS\RAGE.TTF
DEBUG main org.apache.fontbox.util.autodetect.FontFileFinder - checkFontfile check C:\Windows\FONTS\RAVIE.TTF
DEBUG main org.apache.fontbox.util.autodetect.FontFileFinder - checkFontfile found C:\Windows\FONTS\RAVIE.TTF
DEBUG main org.apache.fontbox.util.autodetect.FontFileFinder - checkFontfile check C:\Windows\FONTS\REFSAN.TTF
DEBUG main org.apache.fontbox.util.autodetect.FontFileFinder - checkFontfile found C:\Windows\FONTS\REFSAN.TTF
DEBUG main org.apache.fontbox.util.autodetect.FontFileFinder - checkFontfile check C:\Windows\FONTS\REFSPCL.TTF
DEBUG main org.apache.fontbox.util.autodetect.FontFileFinder - checkFontfile found C:\Windows\FONTS\REFSPCL.TTF
DEBUG main org.apache.fontbox.util.autodetect.FontFileFinder - checkFontfile check C:\Windows\FONTS\ROCCB___.TTF
DEBUG main org.apache.fontbox.util.autodetect.FontFileFinder - checkFontfile found C:\Windows\FONTS\ROCCB___.TTF
DEBUG main org.apache.fontbox.util.autodetect.FontFileFinder - checkFontfile check C:\Windows\FONTS\ROCC____.TTF
DEBUG main org.apache.fontbox.util.autodetect.FontFileFinder - checkFontfile found C:\Windows\FONTS\ROCC____.TTF
DEBUG main org.apache.fontbox.util.autodetect.FontFileFinder - checkFontfile check C:\Windows\FONTS\ROCK.TTF
DEBUG main org.apache.fontbox.util.autodetect.FontFileFinder - checkFontfile found C:\Windows\FONTS\ROCK.TTF
DEBUG main org.apache.fontbox.util.autodetect.FontFileFinder - checkFontfile check C:\Windows\FONTS\ROCKB.TTF
DEBUG main org.apache.fontbox.util.autodetect.FontFileFinder - checkFontfile found C:\Windows\FONTS\ROCKB.TTF
DEBUG main org.apache.fontbox.util.autodetect.FontFileFinder - checkFontfile check C:\Windows\FONTS\ROCKBI.TTF
DEBUG main org.apache.fontbox.util.autodetect.FontFileFinder - checkFontfile found C:\Windows\FONTS\ROCKBI.TTF
DEBUG main org.apache.fontbox.util.autodetect.FontFileFinder - checkFontfile check C:\Windows\FONTS\ROCKEB.TTF
DEBUG main org.apache.fontbox.util.autodetect.FontFileFinder - checkFontfile found C:\Windows\FONTS\ROCKEB.TTF
DEBUG main org.apache.fontbox.util.autodetect.FontFileFinder - checkFontfile check C:\Windows\FONTS\ROCKI.TTF
DEBUG main org.apache.fontbox.util.autodetect.FontFileFinder - checkFontfile found C:\Windows\FONTS\ROCKI.TTF
DEBUG main org.apache.fontbox.util.autodetect.FontFileFinder - checkFontfile check C:\Windows\FONTS\rod.ttf
DEBUG main org.apache.fontbox.util.autodetect.FontFileFinder - checkFontfile found C:\Windows\FONTS\rod.ttf
DEBUG main org.apache.fontbox.util.autodetect.FontFileFinder - checkFontfile check C:\Windows\FONTS\roman.fon
DEBUG main org.apache.fontbox.util.autodetect.FontFileFinder - checkFontfile check C:\Windows\FONTS\RosewoodStd-Regular.otf
DEBUG main org.apache.fontbox.util.autodetect.FontFileFinder - checkFontfile found C:\Windows\FONTS\RosewoodStd-Regular.otf
DEBUG main org.apache.fontbox.util.autodetect.FontFileFinder - checkFontfile check C:\Windows\FONTS\s8514fix.fon
DEBUG main org.apache.fontbox.util.autodetect.FontFileFinder - checkFontfile check C:\Windows\FONTS\s8514oem.fon
DEBUG main org.apache.fontbox.util.autodetect.FontFileFinder - checkFontfile check C:\Windows\FONTS\s8514sys.fon
DEBUG main org.apache.fontbox.util.autodetect.FontFileFinder - checkFontfile check C:\Windows\FONTS\SCHLBKB.TTF
DEBUG main org.apache.fontbox.util.autodetect.FontFileFinder - checkFontfile found C:\Windows\FONTS\SCHLBKB.TTF
DEBUG main org.apache.fontbox.util.autodetect.FontFileFinder - checkFontfile check C:\Windows\FONTS\SCHLBKBI.TTF
DEBUG main org.apache.fontbox.util.autodetect.FontFileFinder - checkFontfile found C:\Windows\FONTS\SCHLBKBI.TTF
DEBUG main org.apache.fontbox.util.autodetect.FontFileFinder - checkFontfile check C:\Windows\FONTS\SCHLBKI.TTF
DEBUG main org.apache.fontbox.util.autodetect.FontFileFinder - checkFontfile found C:\Windows\FONTS\SCHLBKI.TTF
DEBUG main org.apache.fontbox.util.autodetect.FontFileFinder - checkFontfile check C:\Windows\FONTS\script.fon
DEBUG main org.apache.fontbox.util.autodetect.FontFileFinder - checkFontfile check C:\Windows\FONTS\SCRIPTBL.TTF
DEBUG main org.apache.fontbox.util.autodetect.FontFileFinder - checkFontfile found C:\Windows\FONTS\SCRIPTBL.TTF
DEBUG main org.apache.fontbox.util.autodetect.FontFileFinder - checkFontfile check C:\Windows\FONTS\segoe.ttf
DEBUG main org.apache.fontbox.util.autodetect.FontFileFinder - checkFontfile found C:\Windows\FONTS\segoe.ttf
DEBUG main org.apache.fontbox.util.autodetect.FontFileFinder - checkFontfile check C:\Windows\FONTS\segoeb.ttf
DEBUG main org.apache.fontbox.util.autodetect.FontFileFinder - checkFontfile found C:\Windows\FONTS\segoeb.ttf
DEBUG main org.apache.fontbox.util.autodetect.FontFileFinder - checkFontfile check C:\Windows\FONTS\segoepr.ttf
DEBUG main org.apache.fontbox.util.autodetect.FontFileFinder - checkFontfile found C:\Windows\FONTS\segoepr.ttf
DEBUG main org.apache.fontbox.util.autodetect.FontFileFinder - checkFontfile check C:\Windows\FONTS\segoeprb.ttf
DEBUG main org.apache.fontbox.util.autodetect.FontFileFinder - checkFontfile found C:\Windows\FONTS\segoeprb.ttf
DEBUG main org.apache.fontbox.util.autodetect.FontFileFinder - checkFontfile check C:\Windows\FONTS\segoesc.ttf
DEBUG main org.apache.fontbox.util.autodetect.FontFileFinder - checkFontfile found C:\Windows\FONTS\segoesc.ttf
DEBUG main org.apache.fontbox.util.autodetect.FontFileFinder - checkFontfile check C:\Windows\FONTS\segoescb.ttf
DEBUG main org.apache.fontbox.util.autodetect.FontFileFinder - checkFontfile found C:\Windows\FONTS\segoescb.ttf
DEBUG main org.apache.fontbox.util.autodetect.FontFileFinder - checkFontfile check C:\Windows\FONTS\segoeui.ttf
DEBUG main org.apache.fontbox.util.autodetect.FontFileFinder - checkFontfile found C:\Windows\FONTS\segoeui.ttf
DEBUG main org.apache.fontbox.util.autodetect.FontFileFinder - checkFontfile check C:\Windows\FONTS\segoeuib.ttf
DEBUG main org.apache.fontbox.util.autodetect.FontFileFinder - checkFontfile found C:\Windows\FONTS\segoeuib.ttf
DEBUG main org.apache.fontbox.util.autodetect.FontFileFinder - checkFontfile check C:\Windows\FONTS\segoeuii.ttf
DEBUG main org.apache.fontbox.util.autodetect.FontFileFinder - checkFontfile found C:\Windows\FONTS\segoeuii.ttf
DEBUG main org.apache.fontbox.util.autodetect.FontFileFinder - checkFontfile check C:\Windows\FONTS\segoeuil.ttf
DEBUG main org.apache.fontbox.util.autodetect.FontFileFinder - checkFontfile found C:\Windows\FONTS\segoeuil.ttf
DEBUG main org.apache.fontbox.util.autodetect.FontFileFinder - checkFontfile check C:\Windows\FONTS\segoeuiz.ttf
DEBUG main org.apache.fontbox.util.autodetect.FontFileFinder - checkFontfile found C:\Windows\FONTS\segoeuiz.ttf
DEBUG main org.apache.fontbox.util.autodetect.FontFileFinder - checkFontfile check C:\Windows\FONTS\seguisb.ttf
DEBUG main org.apache.fontbox.util.autodetect.FontFileFinder - checkFontfile found C:\Windows\FONTS\seguisb.ttf
DEBUG main org.apache.fontbox.util.autodetect.FontFileFinder - checkFontfile check C:\Windows\FONTS\seguisym.ttf
DEBUG main org.apache.fontbox.util.autodetect.FontFileFinder - checkFontfile found C:\Windows\FONTS\seguisym.ttf
DEBUG main org.apache.fontbox.util.autodetect.FontFileFinder - checkFontfile check C:\Windows\FONTS\sere1255.fon
DEBUG main org.apache.fontbox.util.autodetect.FontFileFinder - checkFontfile check C:\Windows\FONTS\sere1256.fon
DEBUG main org.apache.fontbox.util.autodetect.FontFileFinder - checkFontfile check C:\Windows\FONTS\sere1257.fon
DEBUG main org.apache.fontbox.util.autodetect.FontFileFinder - checkFontfile check C:\Windows\FONTS\serf1255.fon
DEBUG main org.apache.fontbox.util.autodetect.FontFileFinder - checkFontfile check C:\Windows\FONTS\serf1256.fon
DEBUG main org.apache.fontbox.util.autodetect.FontFileFinder - checkFontfile check C:\Windows\FONTS\serf1257.fon
DEBUG main org.apache.fontbox.util.autodetect.FontFileFinder - checkFontfile check C:\Windows\FONTS\serife.fon
DEBUG main org.apache.fontbox.util.autodetect.FontFileFinder - checkFontfile check C:\Windows\FONTS\serifee.fon
DEBUG main org.apache.fontbox.util.autodetect.FontFileFinder - checkFontfile check C:\Windows\FONTS\serifeg.fon
DEBUG main org.apache.fontbox.util.autodetect.FontFileFinder - checkFontfile check C:\Windows\FONTS\serifer.fon
DEBUG main org.apache.fontbox.util.autodetect.FontFileFinder - checkFontfile check C:\Windows\FONTS\serifet.fon
DEBUG main org.apache.fontbox.util.autodetect.FontFileFinder - checkFontfile check C:\Windows\FONTS\seriff.fon
DEBUG main org.apache.fontbox.util.autodetect.FontFileFinder - checkFontfile check C:\Windows\FONTS\seriffe.fon
DEBUG main org.apache.fontbox.util.autodetect.FontFileFinder - checkFontfile check C:\Windows\FONTS\seriffg.fon
DEBUG main org.apache.fontbox.util.autodetect.FontFileFinder - checkFontfile check C:\Windows\FONTS\seriffr.fon
DEBUG main org.apache.fontbox.util.autodetect.FontFileFinder - checkFontfile check C:\Windows\FONTS\serifft.fon
DEBUG main org.apache.fontbox.util.autodetect.FontFileFinder - checkFontfile check C:\Windows\FONTS\Shonar.ttf
DEBUG main org.apache.fontbox.util.autodetect.FontFileFinder - checkFontfile found C:\Windows\FONTS\Shonar.ttf
DEBUG main org.apache.fontbox.util.autodetect.FontFileFinder - checkFontfile check C:\Windows\FONTS\Shonarb.ttf
DEBUG main org.apache.fontbox.util.autodetect.FontFileFinder - checkFontfile found C:\Windows\FONTS\Shonarb.ttf
DEBUG main org.apache.fontbox.util.autodetect.FontFileFinder - checkFontfile check C:\Windows\FONTS\SHOWG.TTF
DEBUG main org.apache.fontbox.util.autodetect.FontFileFinder - checkFontfile found C:\Windows\FONTS\SHOWG.TTF
DEBUG main org.apache.fontbox.util.autodetect.FontFileFinder - checkFontfile check C:\Windows\FONTS\shruti.ttf
DEBUG main org.apache.fontbox.util.autodetect.FontFileFinder - checkFontfile found C:\Windows\FONTS\shruti.ttf
DEBUG main org.apache.fontbox.util.autodetect.FontFileFinder - checkFontfile check C:\Windows\FONTS\shrutib.ttf
DEBUG main org.apache.fontbox.util.autodetect.FontFileFinder - checkFontfile found C:\Windows\FONTS\shrutib.ttf
DEBUG main org.apache.fontbox.util.autodetect.FontFileFinder - checkFontfile check C:\Windows\FONTS\simfang.ttf
DEBUG main org.apache.fontbox.util.autodetect.FontFileFinder - checkFontfile found C:\Windows\FONTS\simfang.ttf
DEBUG main org.apache.fontbox.util.autodetect.FontFileFinder - checkFontfile check C:\Windows\FONTS\simhei.ttf
DEBUG main org.apache.fontbox.util.autodetect.FontFileFinder - checkFontfile found C:\Windows\FONTS\simhei.ttf
DEBUG main org.apache.fontbox.util.autodetect.FontFileFinder - checkFontfile check C:\Windows\FONTS\simkai.ttf
DEBUG main org.apache.fontbox.util.autodetect.FontFileFinder - checkFontfile found C:\Windows\FONTS\simkai.ttf
DEBUG main org.apache.fontbox.util.autodetect.FontFileFinder - checkFontfile check C:\Windows\FONTS\simpbdo.ttf
DEBUG main org.apache.fontbox.util.autodetect.FontFileFinder - checkFontfile found C:\Windows\FONTS\simpbdo.ttf
DEBUG main org.apache.fontbox.util.autodetect.FontFileFinder - checkFontfile check C:\Windows\FONTS\simpfxo.ttf
DEBUG main org.apache.fontbox.util.autodetect.FontFileFinder - checkFontfile found C:\Windows\FONTS\simpfxo.ttf
DEBUG main org.apache.fontbox.util.autodetect.FontFileFinder - checkFontfile check C:\Windows\FONTS\simpo.ttf
DEBUG main org.apache.fontbox.util.autodetect.FontFileFinder - checkFontfile found C:\Windows\FONTS\simpo.ttf
DEBUG main org.apache.fontbox.util.autodetect.FontFileFinder - checkFontfile check C:\Windows\FONTS\simsun.ttc
DEBUG main org.apache.fontbox.util.autodetect.FontFileFinder - checkFontfile found C:\Windows\FONTS\simsun.ttc
DEBUG main org.apache.fontbox.util.autodetect.FontFileFinder - checkFontfile check C:\Windows\FONTS\simsunb.ttf
DEBUG main org.apache.fontbox.util.autodetect.FontFileFinder - checkFontfile found C:\Windows\FONTS\simsunb.ttf
DEBUG main org.apache.fontbox.util.autodetect.FontFileFinder - checkFontfile check C:\Windows\FONTS\smae1255.fon
DEBUG main org.apache.fontbox.util.autodetect.FontFileFinder - checkFontfile check C:\Windows\FONTS\smae1256.fon
DEBUG main org.apache.fontbox.util.autodetect.FontFileFinder - checkFontfile check C:\Windows\FONTS\smae1257.fon
DEBUG main org.apache.fontbox.util.autodetect.FontFileFinder - checkFontfile check C:\Windows\FONTS\smaf1255.fon
DEBUG main org.apache.fontbox.util.autodetect.FontFileFinder - checkFontfile check C:\Windows\FONTS\smaf1256.fon
DEBUG main org.apache.fontbox.util.autodetect.FontFileFinder - checkFontfile check C:\Windows\FONTS\smaf1257.fon
DEBUG main org.apache.fontbox.util.autodetect.FontFileFinder - checkFontfile check C:\Windows\FONTS\smalle.fon
DEBUG main org.apache.fontbox.util.autodetect.FontFileFinder - checkFontfile check C:\Windows\FONTS\smallee.fon
DEBUG main org.apache.fontbox.util.autodetect.FontFileFinder - checkFontfile check C:\Windows\FONTS\smalleg.fon
DEBUG main org.apache.fontbox.util.autodetect.FontFileFinder - checkFontfile check C:\Windows\FONTS\smaller.fon
DEBUG main org.apache.fontbox.util.autodetect.FontFileFinder - checkFontfile check C:\Windows\FONTS\smallet.fon
DEBUG main org.apache.fontbox.util.autodetect.FontFileFinder - checkFontfile check C:\Windows\FONTS\smallf.fon
DEBUG main org.apache.fontbox.util.autodetect.FontFileFinder - checkFontfile check C:\Windows\FONTS\smallfe.fon
DEBUG main org.apache.fontbox.util.autodetect.FontFileFinder - checkFontfile check C:\Windows\FONTS\smallfg.fon
DEBUG main org.apache.fontbox.util.autodetect.FontFileFinder - checkFontfile check C:\Windows\FONTS\smallfr.fon
DEBUG main org.apache.fontbox.util.autodetect.FontFileFinder - checkFontfile check C:\Windows\FONTS\smallft.fon
DEBUG main org.apache.fontbox.util.autodetect.FontFileFinder - checkFontfile check C:\Windows\FONTS\SNAP____.TTF
DEBUG main org.apache.fontbox.util.autodetect.FontFileFinder - checkFontfile found C:\Windows\FONTS\SNAP____.TTF
DEBUG main org.apache.fontbox.util.autodetect.FontFileFinder - checkFontfile check C:\Windows\FONTS\ssee1255.fon
DEBUG main org.apache.fontbox.util.autodetect.FontFileFinder - checkFontfile check C:\Windows\FONTS\ssee1256.fon
DEBUG main org.apache.fontbox.util.autodetect.FontFileFinder - checkFontfile check C:\Windows\FONTS\ssee1257.fon
DEBUG main org.apache.fontbox.util.autodetect.FontFileFinder - checkFontfile check C:\Windows\FONTS\ssee874.fon
DEBUG main org.apache.fontbox.util.autodetect.FontFileFinder - checkFontfile check C:\Windows\FONTS\ssef1255.fon
DEBUG main org.apache.fontbox.util.autodetect.FontFileFinder - checkFontfile check C:\Windows\FONTS\ssef1256.fon
DEBUG main org.apache.fontbox.util.autodetect.FontFileFinder - checkFontfile check C:\Windows\FONTS\ssef1257.fon
DEBUG main org.apache.fontbox.util.autodetect.FontFileFinder - checkFontfile check C:\Windows\FONTS\ssef874.fon
DEBUG main org.apache.fontbox.util.autodetect.FontFileFinder - checkFontfile check C:\Windows\FONTS\sserife.fon
DEBUG main org.apache.fontbox.util.autodetect.FontFileFinder - checkFontfile check C:\Windows\FONTS\sserifee.fon
DEBUG main org.apache.fontbox.util.autodetect.FontFileFinder - checkFontfile check C:\Windows\FONTS\sserifeg.fon
DEBUG main org.apache.fontbox.util.autodetect.FontFileFinder - checkFontfile check C:\Windows\FONTS\sserifer.fon
DEBUG main org.apache.fontbox.util.autodetect.FontFileFinder - checkFontfile check C:\Windows\FONTS\sserifet.fon
DEBUG main org.apache.fontbox.util.autodetect.FontFileFinder - checkFontfile check C:\Windows\FONTS\sseriff.fon
DEBUG main org.apache.fontbox.util.autodetect.FontFileFinder - checkFontfile check C:\Windows\FONTS\sseriffe.fon
DEBUG main org.apache.fontbox.util.autodetect.FontFileFinder - checkFontfile check C:\Windows\FONTS\sseriffg.fon
DEBUG main org.apache.fontbox.util.autodetect.FontFileFinder - checkFontfile check C:\Windows\FONTS\sseriffr.fon
DEBUG main org.apache.fontbox.util.autodetect.FontFileFinder - checkFontfile check C:\Windows\FONTS\sserifft.fon
DEBUG main org.apache.fontbox.util.autodetect.FontFileFinder - checkFontfile check C:\Windows\FONTS\StaticCache.dat
DEBUG main org.apache.fontbox.util.autodetect.FontFileFinder - checkFontfile check C:\Windows\FONTS\STENCIL.TTF
DEBUG main org.apache.fontbox.util.autodetect.FontFileFinder - checkFontfile found C:\Windows\FONTS\STENCIL.TTF
DEBUG main org.apache.fontbox.util.autodetect.FontFileFinder - checkFontfile check C:\Windows\FONTS\StencilStd.otf
DEBUG main org.apache.fontbox.util.autodetect.FontFileFinder - checkFontfile found C:\Windows\FONTS\StencilStd.otf
DEBUG main org.apache.fontbox.util.autodetect.FontFileFinder - checkFontfile check C:\Windows\FONTS\svgafix.fon
DEBUG main org.apache.fontbox.util.autodetect.FontFileFinder - checkFontfile check C:\Windows\FONTS\svgasys.fon
DEBUG main org.apache.fontbox.util.autodetect.FontFileFinder - checkFontfile check C:\Windows\FONTS\sylfaen.ttf
DEBUG main org.apache.fontbox.util.autodetect.FontFileFinder - checkFontfile found C:\Windows\FONTS\sylfaen.ttf
DEBUG main org.apache.fontbox.util.autodetect.FontFileFinder - checkFontfile check C:\Windows\FONTS\symbol.ttf
DEBUG main org.apache.fontbox.util.autodetect.FontFileFinder - checkFontfile found C:\Windows\FONTS\symbol.ttf
DEBUG main org.apache.fontbox.util.autodetect.FontFileFinder - checkFontfile check C:\Windows\FONTS\tahoma.ttf
DEBUG main org.apache.fontbox.util.autodetect.FontFileFinder - checkFontfile found C:\Windows\FONTS\tahoma.ttf
DEBUG main org.apache.fontbox.util.autodetect.FontFileFinder - checkFontfile check C:\Windows\FONTS\tahomabd.ttf
DEBUG main org.apache.fontbox.util.autodetect.FontFileFinder - checkFontfile found C:\Windows\FONTS\tahomabd.ttf
DEBUG main org.apache.fontbox.util.autodetect.FontFileFinder - checkFontfile check C:\Windows\FONTS\taile.ttf
DEBUG main org.apache.fontbox.util.autodetect.FontFileFinder - checkFontfile found C:\Windows\FONTS\taile.ttf
DEBUG main org.apache.fontbox.util.autodetect.FontFileFinder - checkFontfile check C:\Windows\FONTS\taileb.ttf
DEBUG main org.apache.fontbox.util.autodetect.FontFileFinder - checkFontfile found C:\Windows\FONTS\taileb.ttf
DEBUG main org.apache.fontbox.util.autodetect.FontFileFinder - checkFontfile check C:\Windows\FONTS\TCBI____.TTF
DEBUG main org.apache.fontbox.util.autodetect.FontFileFinder - checkFontfile found C:\Windows\FONTS\TCBI____.TTF
DEBUG main org.apache.fontbox.util.autodetect.FontFileFinder - checkFontfile check C:\Windows\FONTS\TCB_____.TTF
DEBUG main org.apache.fontbox.util.autodetect.FontFileFinder - checkFontfile found C:\Windows\FONTS\TCB_____.TTF
DEBUG main org.apache.fontbox.util.autodetect.FontFileFinder - checkFontfile check C:\Windows\FONTS\TCCB____.TTF
DEBUG main org.apache.fontbox.util.autodetect.FontFileFinder - checkFontfile found C:\Windows\FONTS\TCCB____.TTF
DEBUG main org.apache.fontbox.util.autodetect.FontFileFinder - checkFontfile check C:\Windows\FONTS\TCCEB.TTF
DEBUG main org.apache.fontbox.util.autodetect.FontFileFinder - checkFontfile found C:\Windows\FONTS\TCCEB.TTF
DEBUG main org.apache.fontbox.util.autodetect.FontFileFinder - checkFontfile check C:\Windows\FONTS\TCCM____.TTF
DEBUG main org.apache.fontbox.util.autodetect.FontFileFinder - checkFontfile found C:\Windows\FONTS\TCCM____.TTF
DEBUG main org.apache.fontbox.util.autodetect.FontFileFinder - checkFontfile check C:\Windows\FONTS\TCMI____.TTF
DEBUG main org.apache.fontbox.util.autodetect.FontFileFinder - checkFontfile found C:\Windows\FONTS\TCMI____.TTF
DEBUG main org.apache.fontbox.util.autodetect.FontFileFinder - checkFontfile check C:\Windows\FONTS\TCM_____.TTF
DEBUG main org.apache.fontbox.util.autodetect.FontFileFinder - checkFontfile found C:\Windows\FONTS\TCM_____.TTF
DEBUG main org.apache.fontbox.util.autodetect.FontFileFinder - checkFontfile check C:\Windows\FONTS\teamviewer11.otf
DEBUG main org.apache.fontbox.util.autodetect.FontFileFinder - checkFontfile found C:\Windows\FONTS\teamviewer11.otf
DEBUG main org.apache.fontbox.util.autodetect.FontFileFinder - checkFontfile check C:\Windows\FONTS\TektonPro-Bold.otf
DEBUG main org.apache.fontbox.util.autodetect.FontFileFinder - checkFontfile found C:\Windows\FONTS\TektonPro-Bold.otf
DEBUG main org.apache.fontbox.util.autodetect.FontFileFinder - checkFontfile check C:\Windows\FONTS\TektonPro-BoldCond.otf
DEBUG main org.apache.fontbox.util.autodetect.FontFileFinder - checkFontfile found C:\Windows\FONTS\TektonPro-BoldCond.otf
DEBUG main org.apache.fontbox.util.autodetect.FontFileFinder - checkFontfile check C:\Windows\FONTS\TektonPro-BoldExt.otf
DEBUG main org.apache.fontbox.util.autodetect.FontFileFinder - checkFontfile found C:\Windows\FONTS\TektonPro-BoldExt.otf
DEBUG main org.apache.fontbox.util.autodetect.FontFileFinder - checkFontfile check C:\Windows\FONTS\TektonPro-BoldObl.otf
DEBUG main org.apache.fontbox.util.autodetect.FontFileFinder - checkFontfile found C:\Windows\FONTS\TektonPro-BoldObl.otf
DEBUG main org.apache.fontbox.util.autodetect.FontFileFinder - checkFontfile check C:\Windows\FONTS\TEMPSITC.TTF
DEBUG main org.apache.fontbox.util.autodetect.FontFileFinder - checkFontfile found C:\Windows\FONTS\TEMPSITC.TTF
DEBUG main org.apache.fontbox.util.autodetect.FontFileFinder - checkFontfile check C:\Windows\FONTS\times.ttf
DEBUG main org.apache.fontbox.util.autodetect.FontFileFinder - checkFontfile found C:\Windows\FONTS\times.ttf
DEBUG main org.apache.fontbox.util.autodetect.FontFileFinder - checkFontfile check C:\Windows\FONTS\timesbd.ttf
DEBUG main org.apache.fontbox.util.autodetect.FontFileFinder - checkFontfile found C:\Windows\FONTS\timesbd.ttf
DEBUG main org.apache.fontbox.util.autodetect.FontFileFinder - checkFontfile check C:\Windows\FONTS\timesbi.ttf
DEBUG main org.apache.fontbox.util.autodetect.FontFileFinder - checkFontfile found C:\Windows\FONTS\timesbi.ttf
DEBUG main org.apache.fontbox.util.autodetect.FontFileFinder - checkFontfile check C:\Windows\FONTS\timesi.ttf
DEBUG main org.apache.fontbox.util.autodetect.FontFileFinder - checkFontfile found C:\Windows\FONTS\timesi.ttf
DEBUG main org.apache.fontbox.util.autodetect.FontFileFinder - checkFontfile check C:\Windows\FONTS\Tmphoncu.ttf
DEBUG main org.apache.fontbox.util.autodetect.FontFileFinder - checkFontfile found C:\Windows\FONTS\Tmphoncu.ttf
DEBUG main org.apache.fontbox.util.autodetect.FontFileFinder - checkFontfile check C:\Windows\FONTS\tradbdo.ttf
DEBUG main org.apache.fontbox.util.autodetect.FontFileFinder - checkFontfile found C:\Windows\FONTS\tradbdo.ttf
DEBUG main org.apache.fontbox.util.autodetect.FontFileFinder - checkFontfile check C:\Windows\FONTS\trado.ttf
DEBUG main org.apache.fontbox.util.autodetect.FontFileFinder - checkFontfile found C:\Windows\FONTS\trado.ttf
DEBUG main org.apache.fontbox.util.autodetect.FontFileFinder - checkFontfile check C:\Windows\FONTS\TrajanPro-Bold.otf
DEBUG main org.apache.fontbox.util.autodetect.FontFileFinder - checkFontfile found C:\Windows\FONTS\TrajanPro-Bold.otf
DEBUG main org.apache.fontbox.util.autodetect.FontFileFinder - checkFontfile check C:\Windows\FONTS\TrajanPro-Regular.otf
DEBUG main org.apache.fontbox.util.autodetect.FontFileFinder - checkFontfile found C:\Windows\FONTS\TrajanPro-Regular.otf
DEBUG main org.apache.fontbox.util.autodetect.FontFileFinder - checkFontfile check C:\Windows\FONTS\trebuc.ttf
DEBUG main org.apache.fontbox.util.autodetect.FontFileFinder - checkFontfile found C:\Windows\FONTS\trebuc.ttf
DEBUG main org.apache.fontbox.util.autodetect.FontFileFinder - checkFontfile check C:\Windows\FONTS\trebucbd.ttf
DEBUG main org.apache.fontbox.util.autodetect.FontFileFinder - checkFontfile found C:\Windows\FONTS\trebucbd.ttf
DEBUG main org.apache.fontbox.util.autodetect.FontFileFinder - checkFontfile check C:\Windows\FONTS\trebucbi.ttf
DEBUG main org.apache.fontbox.util.autodetect.FontFileFinder - checkFontfile found C:\Windows\FONTS\trebucbi.ttf
DEBUG main org.apache.fontbox.util.autodetect.FontFileFinder - checkFontfile check C:\Windows\FONTS\trebucit.ttf
DEBUG main org.apache.fontbox.util.autodetect.FontFileFinder - checkFontfile found C:\Windows\FONTS\trebucit.ttf
DEBUG main org.apache.fontbox.util.autodetect.FontFileFinder - checkFontfile check C:\Windows\FONTS\tunga.ttf
DEBUG main org.apache.fontbox.util.autodetect.FontFileFinder - checkFontfile found C:\Windows\FONTS\tunga.ttf
DEBUG main org.apache.fontbox.util.autodetect.FontFileFinder - checkFontfile check C:\Windows\FONTS\tungab.ttf
DEBUG main org.apache.fontbox.util.autodetect.FontFileFinder - checkFontfile found C:\Windows\FONTS\tungab.ttf
DEBUG main org.apache.fontbox.util.autodetect.FontFileFinder - checkFontfile check C:\Windows\FONTS\upcdb.ttf
DEBUG main org.apache.fontbox.util.autodetect.FontFileFinder - checkFontfile found C:\Windows\FONTS\upcdb.ttf
DEBUG main org.apache.fontbox.util.autodetect.FontFileFinder - checkFontfile check C:\Windows\FONTS\upcdbi.ttf
DEBUG main org.apache.fontbox.util.autodetect.FontFileFinder - checkFontfile found C:\Windows\FONTS\upcdbi.ttf
DEBUG main org.apache.fontbox.util.autodetect.FontFileFinder - checkFontfile check C:\Windows\FONTS\upcdi.ttf
DEBUG main org.apache.fontbox.util.autodetect.FontFileFinder - checkFontfile found C:\Windows\FONTS\upcdi.ttf
DEBUG main org.apache.fontbox.util.autodetect.FontFileFinder - checkFontfile check C:\Windows\FONTS\upcdl.ttf
DEBUG main org.apache.fontbox.util.autodetect.FontFileFinder - checkFontfile found C:\Windows\FONTS\upcdl.ttf
DEBUG main org.apache.fontbox.util.autodetect.FontFileFinder - checkFontfile check C:\Windows\FONTS\upceb.ttf
DEBUG main org.apache.fontbox.util.autodetect.FontFileFinder - checkFontfile found C:\Windows\FONTS\upceb.ttf
DEBUG main org.apache.fontbox.util.autodetect.FontFileFinder - checkFontfile check C:\Windows\FONTS\upcebi.ttf
DEBUG main org.apache.fontbox.util.autodetect.FontFileFinder - checkFontfile found C:\Windows\FONTS\upcebi.ttf
DEBUG main org.apache.fontbox.util.autodetect.FontFileFinder - checkFontfile check C:\Windows\FONTS\upcei.ttf
DEBUG main org.apache.fontbox.util.autodetect.FontFileFinder - checkFontfile found C:\Windows\FONTS\upcei.ttf
DEBUG main org.apache.fontbox.util.autodetect.FontFileFinder - checkFontfile check C:\Windows\FONTS\upcel.ttf
DEBUG main org.apache.fontbox.util.autodetect.FontFileFinder - checkFontfile found C:\Windows\FONTS\upcel.ttf
DEBUG main org.apache.fontbox.util.autodetect.FontFileFinder - checkFontfile check C:\Windows\FONTS\upcfb.ttf
DEBUG main org.apache.fontbox.util.autodetect.FontFileFinder - checkFontfile found C:\Windows\FONTS\upcfb.ttf
DEBUG main org.apache.fontbox.util.autodetect.FontFileFinder - checkFontfile check C:\Windows\FONTS\upcfbi.ttf
DEBUG main org.apache.fontbox.util.autodetect.FontFileFinder - checkFontfile found C:\Windows\FONTS\upcfbi.ttf
DEBUG main org.apache.fontbox.util.autodetect.FontFileFinder - checkFontfile check C:\Windows\FONTS\upcfi.ttf
DEBUG main org.apache.fontbox.util.autodetect.FontFileFinder - checkFontfile found C:\Windows\FONTS\upcfi.ttf
DEBUG main org.apache.fontbox.util.autodetect.FontFileFinder - checkFontfile check C:\Windows\FONTS\upcfl.ttf
DEBUG main org.apache.fontbox.util.autodetect.FontFileFinder - checkFontfile found C:\Windows\FONTS\upcfl.ttf
DEBUG main org.apache.fontbox.util.autodetect.FontFileFinder - checkFontfile check C:\Windows\FONTS\upcib.ttf
DEBUG main org.apache.fontbox.util.autodetect.FontFileFinder - checkFontfile found C:\Windows\FONTS\upcib.ttf
DEBUG main org.apache.fontbox.util.autodetect.FontFileFinder - checkFontfile check C:\Windows\FONTS\upcibi.ttf
DEBUG main org.apache.fontbox.util.autodetect.FontFileFinder - checkFontfile found C:\Windows\FONTS\upcibi.ttf
DEBUG main org.apache.fontbox.util.autodetect.FontFileFinder - checkFontfile check C:\Windows\FONTS\upcii.ttf
DEBUG main org.apache.fontbox.util.autodetect.FontFileFinder - checkFontfile found C:\Windows\FONTS\upcii.ttf
DEBUG main org.apache.fontbox.util.autodetect.FontFileFinder - checkFontfile check C:\Windows\FONTS\upcil.ttf
DEBUG main org.apache.fontbox.util.autodetect.FontFileFinder - checkFontfile found C:\Windows\FONTS\upcil.ttf
DEBUG main org.apache.fontbox.util.autodetect.FontFileFinder - checkFontfile check C:\Windows\FONTS\upcjb.ttf
DEBUG main org.apache.fontbox.util.autodetect.FontFileFinder - checkFontfile found C:\Windows\FONTS\upcjb.ttf
DEBUG main org.apache.fontbox.util.autodetect.FontFileFinder - checkFontfile check C:\Windows\FONTS\upcjbi.ttf
DEBUG main org.apache.fontbox.util.autodetect.FontFileFinder - checkFontfile found C:\Windows\FONTS\upcjbi.ttf
DEBUG main org.apache.fontbox.util.autodetect.FontFileFinder - checkFontfile check C:\Windows\FONTS\upcji.ttf
DEBUG main org.apache.fontbox.util.autodetect.FontFileFinder - checkFontfile found C:\Windows\FONTS\upcji.ttf
DEBUG main org.apache.fontbox.util.autodetect.FontFileFinder - checkFontfile check C:\Windows\FONTS\upcjl.ttf
DEBUG main org.apache.fontbox.util.autodetect.FontFileFinder - checkFontfile found C:\Windows\FONTS\upcjl.ttf
DEBUG main org.apache.fontbox.util.autodetect.FontFileFinder - checkFontfile check C:\Windows\FONTS\upckb.ttf
DEBUG main org.apache.fontbox.util.autodetect.FontFileFinder - checkFontfile found C:\Windows\FONTS\upckb.ttf
DEBUG main org.apache.fontbox.util.autodetect.FontFileFinder - checkFontfile check C:\Windows\FONTS\upckbi.ttf
DEBUG main org.apache.fontbox.util.autodetect.FontFileFinder - checkFontfile found C:\Windows\FONTS\upckbi.ttf
DEBUG main org.apache.fontbox.util.autodetect.FontFileFinder - checkFontfile check C:\Windows\FONTS\upcki.ttf
DEBUG main org.apache.fontbox.util.autodetect.FontFileFinder - checkFontfile found C:\Windows\FONTS\upcki.ttf
DEBUG main org.apache.fontbox.util.autodetect.FontFileFinder - checkFontfile check C:\Windows\FONTS\upckl.ttf
DEBUG main org.apache.fontbox.util.autodetect.FontFileFinder - checkFontfile found C:\Windows\FONTS\upckl.ttf
DEBUG main org.apache.fontbox.util.autodetect.FontFileFinder - checkFontfile check C:\Windows\FONTS\upclb.ttf
DEBUG main org.apache.fontbox.util.autodetect.FontFileFinder - checkFontfile found C:\Windows\FONTS\upclb.ttf
DEBUG main org.apache.fontbox.util.autodetect.FontFileFinder - checkFontfile check C:\Windows\FONTS\upclbi.ttf
DEBUG main org.apache.fontbox.util.autodetect.FontFileFinder - checkFontfile found C:\Windows\FONTS\upclbi.ttf
DEBUG main org.apache.fontbox.util.autodetect.FontFileFinder - checkFontfile check C:\Windows\FONTS\upcli.ttf
DEBUG main org.apache.fontbox.util.autodetect.FontFileFinder - checkFontfile found C:\Windows\FONTS\upcli.ttf
DEBUG main org.apache.fontbox.util.autodetect.FontFileFinder - checkFontfile check C:\Windows\FONTS\upcll.ttf
DEBUG main org.apache.fontbox.util.autodetect.FontFileFinder - checkFontfile found C:\Windows\FONTS\upcll.ttf
DEBUG main org.apache.fontbox.util.autodetect.FontFileFinder - checkFontfile check C:\Windows\FONTS\utsaah.ttf
DEBUG main org.apache.fontbox.util.autodetect.FontFileFinder - checkFontfile found C:\Windows\FONTS\utsaah.ttf
DEBUG main org.apache.fontbox.util.autodetect.FontFileFinder - checkFontfile check C:\Windows\FONTS\utsaahb.ttf
DEBUG main org.apache.fontbox.util.autodetect.FontFileFinder - checkFontfile found C:\Windows\FONTS\utsaahb.ttf
DEBUG main org.apache.fontbox.util.autodetect.FontFileFinder - checkFontfile check C:\Windows\FONTS\utsaahbi.ttf
DEBUG main org.apache.fontbox.util.autodetect.FontFileFinder - checkFontfile found C:\Windows\FONTS\utsaahbi.ttf
DEBUG main org.apache.fontbox.util.autodetect.FontFileFinder - checkFontfile check C:\Windows\FONTS\utsaahi.ttf
DEBUG main org.apache.fontbox.util.autodetect.FontFileFinder - checkFontfile found C:\Windows\FONTS\utsaahi.ttf
DEBUG main org.apache.fontbox.util.autodetect.FontFileFinder - checkFontfile check C:\Windows\FONTS\Vani.ttf
DEBUG main org.apache.fontbox.util.autodetect.FontFileFinder - checkFontfile found C:\Windows\FONTS\Vani.ttf
DEBUG main org.apache.fontbox.util.autodetect.FontFileFinder - checkFontfile check C:\Windows\FONTS\Vanib.ttf
DEBUG main org.apache.fontbox.util.autodetect.FontFileFinder - checkFontfile found C:\Windows\FONTS\Vanib.ttf
DEBUG main org.apache.fontbox.util.autodetect.FontFileFinder - checkFontfile check C:\Windows\FONTS\verdana.ttf
DEBUG main org.apache.fontbox.util.autodetect.FontFileFinder - checkFontfile found C:\Windows\FONTS\verdana.ttf
DEBUG main org.apache.fontbox.util.autodetect.FontFileFinder - checkFontfile check C:\Windows\FONTS\verdanab.ttf
DEBUG main org.apache.fontbox.util.autodetect.FontFileFinder - checkFontfile found C:\Windows\FONTS\verdanab.ttf
DEBUG main org.apache.fontbox.util.autodetect.FontFileFinder - checkFontfile check C:\Windows\FONTS\verdanai.ttf
DEBUG main org.apache.fontbox.util.autodetect.FontFileFinder - checkFontfile found C:\Windows\FONTS\verdanai.ttf
DEBUG main org.apache.fontbox.util.autodetect.FontFileFinder - checkFontfile check C:\Windows\FONTS\verdanaz.ttf
DEBUG main org.apache.fontbox.util.autodetect.FontFileFinder - checkFontfile found C:\Windows\FONTS\verdanaz.ttf
DEBUG main org.apache.fontbox.util.autodetect.FontFileFinder - checkFontfile check C:\Windows\FONTS\vga737.fon
DEBUG main org.apache.fontbox.util.autodetect.FontFileFinder - checkFontfile check C:\Windows\FONTS\vga775.fon
DEBUG main org.apache.fontbox.util.autodetect.FontFileFinder - checkFontfile check C:\Windows\FONTS\vga850.fon
DEBUG main org.apache.fontbox.util.autodetect.FontFileFinder - checkFontfile check C:\Windows\FONTS\vga852.fon
DEBUG main org.apache.fontbox.util.autodetect.FontFileFinder - checkFontfile check C:\Windows\FONTS\vga855.fon
DEBUG main org.apache.fontbox.util.autodetect.FontFileFinder - checkFontfile check C:\Windows\FONTS\vga857.fon
DEBUG main org.apache.fontbox.util.autodetect.FontFileFinder - checkFontfile check C:\Windows\FONTS\vga860.fon
DEBUG main org.apache.fontbox.util.autodetect.FontFileFinder - checkFontfile check C:\Windows\FONTS\vga861.fon
DEBUG main org.apache.fontbox.util.autodetect.FontFileFinder - checkFontfile check C:\Windows\FONTS\vga863.fon
DEBUG main org.apache.fontbox.util.autodetect.FontFileFinder - checkFontfile check C:\Windows\FONTS\vga865.fon
DEBUG main org.apache.fontbox.util.autodetect.FontFileFinder - checkFontfile check C:\Windows\FONTS\vga866.fon
DEBUG main org.apache.fontbox.util.autodetect.FontFileFinder - checkFontfile check C:\Windows\FONTS\vga869.fon
DEBUG main org.apache.fontbox.util.autodetect.FontFileFinder - checkFontfile check C:\Windows\FONTS\vga932.fon
DEBUG main org.apache.fontbox.util.autodetect.FontFileFinder - checkFontfile check C:\Windows\FONTS\vga936.fon
DEBUG main org.apache.fontbox.util.autodetect.FontFileFinder - checkFontfile check C:\Windows\FONTS\vga949.fon
DEBUG main org.apache.fontbox.util.autodetect.FontFileFinder - checkFontfile check C:\Windows\FONTS\vga950.fon
DEBUG main org.apache.fontbox.util.autodetect.FontFileFinder - checkFontfile check C:\Windows\FONTS\vgaf1255.fon
DEBUG main org.apache.fontbox.util.autodetect.FontFileFinder - checkFontfile check C:\Windows\FONTS\vgaf1256.fon
DEBUG main org.apache.fontbox.util.autodetect.FontFileFinder - checkFontfile check C:\Windows\FONTS\vgaf1257.fon
DEBUG main org.apache.fontbox.util.autodetect.FontFileFinder - checkFontfile check C:\Windows\FONTS\vgaf874.fon
DEBUG main org.apache.fontbox.util.autodetect.FontFileFinder - checkFontfile check C:\Windows\FONTS\vgafix.fon
DEBUG main org.apache.fontbox.util.autodetect.FontFileFinder - checkFontfile check C:\Windows\FONTS\vgafixe.fon
DEBUG main org.apache.fontbox.util.autodetect.FontFileFinder - checkFontfile check C:\Windows\FONTS\vgafixg.fon
DEBUG main org.apache.fontbox.util.autodetect.FontFileFinder - checkFontfile check C:\Windows\FONTS\vgafixr.fon
DEBUG main org.apache.fontbox.util.autodetect.FontFileFinder - checkFontfile check C:\Windows\FONTS\vgafixt.fon
DEBUG main org.apache.fontbox.util.autodetect.FontFileFinder - checkFontfile check C:\Windows\FONTS\vgaoem.fon
DEBUG main org.apache.fontbox.util.autodetect.FontFileFinder - checkFontfile check C:\Windows\FONTS\vgas1255.fon
DEBUG main org.apache.fontbox.util.autodetect.FontFileFinder - checkFontfile check C:\Windows\FONTS\vgas1256.fon
DEBUG main org.apache.fontbox.util.autodetect.FontFileFinder - checkFontfile check C:\Windows\FONTS\vgas1257.fon
DEBUG main org.apache.fontbox.util.autodetect.FontFileFinder - checkFontfile check C:\Windows\FONTS\vgas874.fon
DEBUG main org.apache.fontbox.util.autodetect.FontFileFinder - checkFontfile check C:\Windows\FONTS\vgasys.fon
DEBUG main org.apache.fontbox.util.autodetect.FontFileFinder - checkFontfile check C:\Windows\FONTS\vgasyse.fon
DEBUG main org.apache.fontbox.util.autodetect.FontFileFinder - checkFontfile check C:\Windows\FONTS\vgasysg.fon
DEBUG main org.apache.fontbox.util.autodetect.FontFileFinder - checkFontfile check C:\Windows\FONTS\vgasysr.fon
DEBUG main org.apache.fontbox.util.autodetect.FontFileFinder - checkFontfile check C:\Windows\FONTS\vgasyst.fon
DEBUG main org.apache.fontbox.util.autodetect.FontFileFinder - checkFontfile check C:\Windows\FONTS\vijaya.ttf
DEBUG main org.apache.fontbox.util.autodetect.FontFileFinder - checkFontfile found C:\Windows\FONTS\vijaya.ttf
DEBUG main org.apache.fontbox.util.autodetect.FontFileFinder - checkFontfile check C:\Windows\FONTS\vijayab.ttf
DEBUG main org.apache.fontbox.util.autodetect.FontFileFinder - checkFontfile found C:\Windows\FONTS\vijayab.ttf
DEBUG main org.apache.fontbox.util.autodetect.FontFileFinder - checkFontfile check C:\Windows\FONTS\VINERITC.TTF
DEBUG main org.apache.fontbox.util.autodetect.FontFileFinder - checkFontfile found C:\Windows\FONTS\VINERITC.TTF
DEBUG main org.apache.fontbox.util.autodetect.FontFileFinder - checkFontfile check C:\Windows\FONTS\VIVALDII.TTF
DEBUG main org.apache.fontbox.util.autodetect.FontFileFinder - checkFontfile found C:\Windows\FONTS\VIVALDII.TTF
DEBUG main org.apache.fontbox.util.autodetect.FontFileFinder - checkFontfile check C:\Windows\FONTS\VLADIMIR.TTF
DEBUG main org.apache.fontbox.util.autodetect.FontFileFinder - checkFontfile found C:\Windows\FONTS\VLADIMIR.TTF
DEBUG main org.apache.fontbox.util.autodetect.FontFileFinder - checkFontfile check C:\Windows\FONTS\vrinda.ttf
DEBUG main org.apache.fontbox.util.autodetect.FontFileFinder - checkFontfile found C:\Windows\FONTS\vrinda.ttf
DEBUG main org.apache.fontbox.util.autodetect.FontFileFinder - checkFontfile check C:\Windows\FONTS\vrindab.ttf
DEBUG main org.apache.fontbox.util.autodetect.FontFileFinder - checkFontfile found C:\Windows\FONTS\vrindab.ttf
DEBUG main org.apache.fontbox.util.autodetect.FontFileFinder - checkFontfile check C:\Windows\FONTS\webdings.ttf
DEBUG main org.apache.fontbox.util.autodetect.FontFileFinder - checkFontfile found C:\Windows\FONTS\webdings.ttf
DEBUG main org.apache.fontbox.util.autodetect.FontFileFinder - checkFontfile check C:\Windows\FONTS\wingding.ttf
DEBUG main org.apache.fontbox.util.autodetect.FontFileFinder - checkFontfile found C:\Windows\FONTS\wingding.ttf
DEBUG main org.apache.fontbox.util.autodetect.FontFileFinder - checkFontfile check C:\Windows\FONTS\WINGDNG2.TTF
DEBUG main org.apache.fontbox.util.autodetect.FontFileFinder - checkFontfile found C:\Windows\FONTS\WINGDNG2.TTF
DEBUG main org.apache.fontbox.util.autodetect.FontFileFinder - checkFontfile check C:\Windows\FONTS\WINGDNG3.TTF
DEBUG main org.apache.fontbox.util.autodetect.FontFileFinder - checkFontfile found C:\Windows\FONTS\WINGDNG3.TTF
DEBUG main org.apache.pdfbox.pdmodel.font.FileSystemFontProvider - Loaded TimesNewRomanPSMT from C:\Windows\FONTS\times.ttf
INFO main org.apache.pdfbox.pdmodel.font.PDCIDFontType2 - OpenType Layout tables used in font Times New Roman are not implemented in PDFBox and will be ignored
